<?xml version="1.0" encoding="utf-8"?><testsuites name="pytest tests"><testsuite name="pytest" errors="0" failures="0" skipped="0" tests="6" time="17.072" timestamp="2025-12-08T16:00:44.975696+00:00" hostname="IC-JN2XP6MM9W"><testcase classname="tests.test_index.TestChatIndexFunction" name="test_correct_arguments" time="2.573" /><testcase classname="tests.test_index.TestChatIndexFunction" name="test_correct_response" time="1.150" /><testcase classname="tests.test_index.TestChatIndexFunction" name="test_missing_argument" time="0.001" /><testcase classname="tests.test_module.TestChatModuleFunction" name="test_agent_output" time="1.017" /><testcase classname="tests.test_module.TestChatModuleFunction" name="test_missing_parameters" time="5.527" /><testcase classname="tests.test_module.TestChatModuleFunction" name="test_processing_time_calc" time="2.562" /></testsuite></testsuites>